<?xml version="1.0" encoding="UTF-8"?>
<!-- Generated by org.testng.reporters.JUnitXMLReporter -->
<testsuite ignored="0" hostname="GAUTAMs-MacBook-Air.local" failures="0" tests="5" name="Flight Booking Tests" time="12.524" errors="0" timestamp="2026-02-21T20:03:50 IST">
  <testcase classname="tests.FlightBookingTest" name="bookingWithBlankCreditCard" time="1.944"/>
  <testcase classname="tests.FlightBookingTest" name="bookingWithInvalidCreditCardCharacters" time="2.076"/>
  <testcase classname="tests.FlightBookingTest" name="completeFlightBooking" time="2.15"/>
  <testcase classname="tests.FlightBookingTest" name="completeFlightBooking" time="2.15"/>
  <testcase classname="tests.FlightBookingTest" name="completeFlightBooking" time="2.588"/>
</testsuite> <!-- Flight Booking Tests -->
