<?xml version="1.0" encoding="UTF-8"?>
<!-- Generated by org.testng.reporters.JUnitXMLReporter -->
<testsuite ignored="0" hostname="GAUTAMs-MacBook-Air.local" failures="0" tests="7" name="Default test" time="23.654" errors="0" timestamp="2026-02-21T20:11:42 IST">
  <testcase classname="tests.HomePageTest" name="searchFlight" time="0.904"/>
  <testcase classname="tests.HomePageTest" name="verifyHomePageLoads" time="0.584"/>
  <testcase classname="tests.FlightBookingTest" name="bookingWithBlankCreditCard" time="2.192"/>
  <testcase classname="tests.FlightBookingTest" name="bookingWithInvalidCreditCardCharacters" time="2.077"/>
  <testcase classname="tests.FlightBookingTest" name="completeFlightBooking" time="2.59"/>
  <testcase classname="tests.FlightBookingTest" name="completeFlightBooking" time="2.145"/>
  <testcase classname="tests.FlightBookingTest" name="completeFlightBooking" time="1.977"/>
</testsuite> <!-- Default test -->
