<?xml version="1.0" encoding="UTF-8"?>
<!-- Generated by org.testng.reporters.JUnitXMLReporter -->
<testsuite ignored="0" hostname="GAUTAMs-MacBook-Air.local" failures="0" tests="5" name="Flight Booking Tests" time="20.47" errors="0" timestamp="2026-02-21T21:05:10 IST">
  <testcase classname="tests.FlightBookingTest" name="bookingWithBlankCreditCard" time="2.486"/>
  <testcase classname="tests.FlightBookingTest" name="bookingWithInvalidCreditCardCharacters" time="2.432"/>
  <testcase classname="tests.FlightBookingTest" name="completeFlightBooking" time="2.604"/>
  <testcase classname="tests.FlightBookingTest" name="completeFlightBooking" time="2.081"/>
  <testcase classname="tests.FlightBookingTest" name="completeFlightBooking" time="2.413"/>
</testsuite> <!-- Flight Booking Tests -->
