<?xml version="1.0" encoding="UTF-8"?>
<testng-results ignored="0" total="7" passed="7" failed="0" skipped="0">
  <reporter-output>
  </reporter-output>
  <suite started-at="2026-02-21T21:04:44 IST" name="BlazeDemo Test Suite" finished-at="2026-02-21T21:05:10 IST" duration-ms="25345">
    <groups>
    </groups>
    <test started-at="2026-02-21T21:04:44 IST" name="Home Page Tests" finished-at="2026-02-21T21:04:49 IST" duration-ms="4770">
      <class name="tests.HomePageTest">
        <test-method is-config="true" signature="setUp()[pri:0, instance:tests.HomePageTest@18d87d80]" started-at="2026-02-21T21:04:44 IST" name="setUp" finished-at="2026-02-21T21:04:46 IST" duration-ms="1986" status="PASS">
          <reporter-output>
          </reporter-output>
        </test-method> <!-- setUp -->
        <test-method signature="searchFlight()[pri:0, instance:tests.HomePageTest@18d87d80]" started-at="2026-02-21T21:04:46 IST" name="searchFlight" finished-at="2026-02-21T21:04:47 IST" duration-ms="616" status="PASS">
          <reporter-output>
          </reporter-output>
        </test-method> <!-- searchFlight -->
        <test-method is-config="true" signature="tearDown(org.testng.ITestResult)[pri:0, instance:tests.HomePageTest@18d87d80]" started-at="2026-02-21T21:04:47 IST" name="tearDown" finished-at="2026-02-21T21:04:47 IST" duration-ms="90" status="PASS">
          <params>
            <param index="0">
              <value>
                <![CDATA[[TestResult name=searchFlight status=SUCCESS method=HomePageTest.searchFlight()[pri:0, instance:tests.HomePageTest@18d87d80] output={null}]]]>
              </value>
            </param>
          </params>
          <reporter-output>
          </reporter-output>
        </test-method> <!-- tearDown -->
        <test-method is-config="true" signature="setUp()[pri:0, instance:tests.HomePageTest@18d87d80]" started-at="2026-02-21T21:04:47 IST" name="setUp" finished-at="2026-02-21T21:04:49 IST" duration-ms="1434" status="PASS">
          <reporter-output>
          </reporter-output>
        </test-method> <!-- setUp -->
        <test-method signature="verifyHomePageLoads()[pri:0, instance:tests.HomePageTest@18d87d80]" started-at="2026-02-21T21:04:49 IST" name="verifyHomePageLoads" finished-at="2026-02-21T21:04:49 IST" duration-ms="546" status="PASS">
          <reporter-output>
          </reporter-output>
        </test-method> <!-- verifyHomePageLoads -->
        <test-method is-config="true" signature="tearDown(org.testng.ITestResult)[pri:0, instance:tests.HomePageTest@18d87d80]" started-at="2026-02-21T21:04:49 IST" name="tearDown" finished-at="2026-02-21T21:04:49 IST" duration-ms="84" status="PASS">
          <params>
            <param index="0">
              <value>
                <![CDATA[[TestResult name=verifyHomePageLoads status=SUCCESS method=HomePageTest.verifyHomePageLoads()[pri:0, instance:tests.HomePageTest@18d87d80] output={null}]]]>
              </value>
            </param>
          </params>
          <reporter-output>
          </reporter-output>
        </test-method> <!-- tearDown -->
      </class> <!-- tests.HomePageTest -->
    </test> <!-- Home Page Tests -->
    <test started-at="2026-02-21T21:04:49 IST" name="Flight Booking Tests" finished-at="2026-02-21T21:05:10 IST" duration-ms="20470">
      <class name="tests.FlightBookingTest">
        <test-method is-config="true" signature="setUp()[pri:0, instance:tests.FlightBookingTest@6340e5f0]" started-at="2026-02-21T21:04:49 IST" name="setUp" finished-at="2026-02-21T21:04:51 IST" duration-ms="1415" status="PASS">
          <reporter-output>
          </reporter-output>
        </test-method> <!-- setUp -->
        <test-method signature="bookingWithBlankCreditCard()[pri:0, instance:tests.FlightBookingTest@6340e5f0]" started-at="2026-02-21T21:04:51 IST" name="bookingWithBlankCreditCard" finished-at="2026-02-21T21:04:53 IST" duration-ms="2486" status="PASS">
          <reporter-output>
          </reporter-output>
        </test-method> <!-- bookingWithBlankCreditCard -->
        <test-method is-config="true" signature="tearDown(org.testng.ITestResult)[pri:0, instance:tests.FlightBookingTest@6340e5f0]" started-at="2026-02-21T21:04:53 IST" name="tearDown" finished-at="2026-02-21T21:04:53 IST" duration-ms="81" status="PASS">
          <params>
            <param index="0">
              <value>
                <![CDATA[[TestResult name=bookingWithBlankCreditCard status=SUCCESS method=FlightBookingTest.bookingWithBlankCreditCard()[pri:0, instance:tests.FlightBookingTest@6340e5f0] output={null}]]]>
              </value>
            </param>
          </params>
          <reporter-output>
          </reporter-output>
        </test-method> <!-- tearDown -->
        <test-method is-config="true" signature="setUp()[pri:0, instance:tests.FlightBookingTest@6340e5f0]" started-at="2026-02-21T21:04:53 IST" name="setUp" finished-at="2026-02-21T21:04:55 IST" duration-ms="1531" status="PASS">
          <reporter-output>
          </reporter-output>
        </test-method> <!-- setUp -->
        <test-method signature="bookingWithInvalidCreditCardCharacters()[pri:0, instance:tests.FlightBookingTest@6340e5f0]" started-at="2026-02-21T21:04:55 IST" name="bookingWithInvalidCreditCardCharacters" finished-at="2026-02-21T21:04:57 IST" duration-ms="2432" status="PASS">
          <reporter-output>
          </reporter-output>
        </test-method> <!-- bookingWithInvalidCreditCardCharacters -->
        <test-method is-config="true" signature="tearDown(org.testng.ITestResult)[pri:0, instance:tests.FlightBookingTest@6340e5f0]" started-at="2026-02-21T21:04:57 IST" name="tearDown" finished-at="2026-02-21T21:04:57 IST" duration-ms="87" status="PASS">
          <params>
            <param index="0">
              <value>
                <![CDATA[[TestResult name=bookingWithInvalidCreditCardCharacters status=SUCCESS method=FlightBookingTest.bookingWithInvalidCreditCardCharacters()[pri:0, instance:tests.FlightBookingTest@6340e5f0] output={null}]]]>
              </value>
            </param>
          </params>
          <reporter-output>
          </reporter-output>
        </test-method> <!-- tearDown -->
        <test-method is-config="true" signature="setUp()[pri:0, instance:tests.FlightBookingTest@6340e5f0]" started-at="2026-02-21T21:04:57 IST" name="setUp" finished-at="2026-02-21T21:04:59 IST" duration-ms="1460" status="PASS">
          <reporter-output>
          </reporter-output>
        </test-method> <!-- setUp -->
        <test-method signature="completeFlightBooking(java.lang.String,java.lang.String,java.lang.String,java.lang.String,java.lang.String,java.lang.String)[pri:0, instance:tests.FlightBookingTest@6340e5f0]" started-at="2026-02-21T21:04:59 IST" name="completeFlightBooking" data-provider="bookingData" finished-at="2026-02-21T21:05:01 IST" duration-ms="2604" status="PASS">
          <params>
            <param index="0">
              <value>
                <![CDATA[Test User1]]>
              </value>
            </param>
            <param index="1">
              <value>
                <![CDATA[Street 1]]>
              </value>
            </param>
            <param index="2">
              <value>
                <![CDATA[Mumbai]]>
              </value>
            </param>
            <param index="3">
              <value>
                <![CDATA[MH]]>
              </value>
            </param>
            <param index="4">
              <value>
                <![CDATA[400001]]>
              </value>
            </param>
            <param index="5">
              <value>
                <![CDATA[4111111111111111]]>
              </value>
            </param>
          </params>
          <reporter-output>
          </reporter-output>
        </test-method> <!-- completeFlightBooking -->
        <test-method is-config="true" signature="tearDown(org.testng.ITestResult)[pri:0, instance:tests.FlightBookingTest@6340e5f0]" started-at="2026-02-21T21:05:01 IST" name="tearDown" finished-at="2026-02-21T21:05:01 IST" duration-ms="86" status="PASS">
          <params>
            <param index="0">
              <value>
                <![CDATA[[TestResult name=completeFlightBooking status=SUCCESS method=FlightBookingTest.completeFlightBooking(java.lang.String,java.lang.String,java.lang.String,java.lang.String,java.lang.String,java.lang.String)[pri:0, instance:tests.FlightBookingTest@6340e5f0] output={null}]]]>
              </value>
            </param>
          </params>
          <reporter-output>
          </reporter-output>
        </test-method> <!-- tearDown -->
        <test-method is-config="true" signature="setUp()[pri:0, instance:tests.FlightBookingTest@6340e5f0]" started-at="2026-02-21T21:05:01 IST" name="setUp" finished-at="2026-02-21T21:05:03 IST" duration-ms="1920" status="PASS">
          <reporter-output>
          </reporter-output>
        </test-method> <!-- setUp -->
        <test-method signature="completeFlightBooking(java.lang.String,java.lang.String,java.lang.String,java.lang.String,java.lang.String,java.lang.String)[pri:0, instance:tests.FlightBookingTest@6340e5f0]" started-at="2026-02-21T21:05:03 IST" name="completeFlightBooking" data-provider="bookingData" finished-at="2026-02-21T21:05:05 IST" duration-ms="2081" status="PASS">
          <params>
            <param index="0">
              <value>
                <![CDATA[Test User2]]>
              </value>
            </param>
            <param index="1">
              <value>
                <![CDATA[Street 2]]>
              </value>
            </param>
            <param index="2">
              <value>
                <![CDATA[Delhi]]>
              </value>
            </param>
            <param index="3">
              <value>
                <![CDATA[DL]]>
              </value>
            </param>
            <param index="4">
              <value>
                <![CDATA[110001]]>
              </value>
            </param>
            <param index="5">
              <value>
                <![CDATA[4222222222222]]>
              </value>
            </param>
          </params>
          <reporter-output>
          </reporter-output>
        </test-method> <!-- completeFlightBooking -->
        <test-method is-config="true" signature="tearDown(org.testng.ITestResult)[pri:0, instance:tests.FlightBookingTest@6340e5f0]" started-at="2026-02-21T21:05:05 IST" name="tearDown" finished-at="2026-02-21T21:05:06 IST" duration-ms="88" status="PASS">
          <params>
            <param index="0">
              <value>
                <![CDATA[[TestResult name=completeFlightBooking status=SUCCESS method=FlightBookingTest.completeFlightBooking(java.lang.String,java.lang.String,java.lang.String,java.lang.String,java.lang.String,java.lang.String)[pri:0, instance:tests.FlightBookingTest@6340e5f0] output={null}]]]>
              </value>
            </param>
          </params>
          <reporter-output>
          </reporter-output>
        </test-method> <!-- tearDown -->
        <test-method is-config="true" signature="setUp()[pri:0, instance:tests.FlightBookingTest@6340e5f0]" started-at="2026-02-21T21:05:06 IST" name="setUp" finished-at="2026-02-21T21:05:07 IST" duration-ms="1692" status="PASS">
          <reporter-output>
          </reporter-output>
        </test-method> <!-- setUp -->
        <test-method signature="completeFlightBooking(java.lang.String,java.lang.String,java.lang.String,java.lang.String,java.lang.String,java.lang.String)[pri:0, instance:tests.FlightBookingTest@6340e5f0]" started-at="2026-02-21T21:05:07 IST" name="completeFlightBooking" data-provider="bookingData" finished-at="2026-02-21T21:05:10 IST" duration-ms="2413" status="PASS">
          <params>
            <param index="0">
              <value>
                <![CDATA[Test User3]]>
              </value>
            </param>
            <param index="1">
              <value>
                <![CDATA[Street 3]]>
              </value>
            </param>
            <param index="2">
              <value>
                <![CDATA[Pune]]>
              </value>
            </param>
            <param index="3">
              <value>
                <![CDATA[MH]]>
              </value>
            </param>
            <param index="4">
              <value>
                <![CDATA[411001]]>
              </value>
            </param>
            <param index="5">
              <value>
                <![CDATA[4333333333333]]>
              </value>
            </param>
          </params>
          <reporter-output>
          </reporter-output>
        </test-method> <!-- completeFlightBooking -->
        <test-method is-config="true" signature="tearDown(org.testng.ITestResult)[pri:0, instance:tests.FlightBookingTest@6340e5f0]" started-at="2026-02-21T21:05:10 IST" name="tearDown" finished-at="2026-02-21T21:05:10 IST" duration-ms="85" status="PASS">
          <params>
            <param index="0">
              <value>
                <![CDATA[[TestResult name=completeFlightBooking status=SUCCESS method=FlightBookingTest.completeFlightBooking(java.lang.String,java.lang.String,java.lang.String,java.lang.String,java.lang.String,java.lang.String)[pri:0, instance:tests.FlightBookingTest@6340e5f0] output={null}]]]>
              </value>
            </param>
          </params>
          <reporter-output>
          </reporter-output>
        </test-method> <!-- tearDown -->
      </class> <!-- tests.FlightBookingTest -->
    </test> <!-- Flight Booking Tests -->
  </suite> <!-- BlazeDemo Test Suite -->
</testng-results>
