<?xml version="1.0" encoding="UTF-8"?>
<testng-results ignored="0" total="7" passed="7" failed="0" skipped="0">
  <reporter-output>
  </reporter-output>
  <suite started-at="2026-02-21T20:11:19 IST" name="Default suite" finished-at="2026-02-21T20:11:42 IST" duration-ms="23654">
    <groups>
    </groups>
    <test started-at="2026-02-21T20:11:19 IST" name="Default test" finished-at="2026-02-21T20:11:42 IST" duration-ms="23654">
      <class name="tests.HomePageTest">
        <test-method is-config="true" signature="setUp()[pri:0, instance:tests.HomePageTest@7cc0cdad]" started-at="2026-02-21T20:11:19 IST" name="setUp" finished-at="2026-02-21T20:11:20 IST" duration-ms="1422" status="PASS">
          <reporter-output>
          </reporter-output>
        </test-method> <!-- setUp -->
        <test-method signature="searchFlight()[pri:0, instance:tests.HomePageTest@7cc0cdad]" started-at="2026-02-21T20:11:20 IST" name="searchFlight" finished-at="2026-02-21T20:11:21 IST" duration-ms="904" status="PASS">
          <reporter-output>
          </reporter-output>
        </test-method> <!-- searchFlight -->
        <test-method is-config="true" signature="tearDown(org.testng.ITestResult)[pri:0, instance:tests.HomePageTest@7cc0cdad]" started-at="2026-02-21T20:11:21 IST" name="tearDown" finished-at="2026-02-21T20:11:21 IST" duration-ms="83" status="PASS">
          <params>
            <param index="0">
              <value>
                <![CDATA[[TestResult name=searchFlight status=SUCCESS method=HomePageTest.searchFlight()[pri:0, instance:tests.HomePageTest@7cc0cdad] output={null}]]]>
              </value>
            </param>
          </params>
          <reporter-output>
          </reporter-output>
        </test-method> <!-- tearDown -->
        <test-method is-config="true" signature="setUp()[pri:0, instance:tests.HomePageTest@7cc0cdad]" started-at="2026-02-21T20:11:21 IST" name="setUp" finished-at="2026-02-21T20:11:23 IST" duration-ms="1463" status="PASS">
          <reporter-output>
          </reporter-output>
        </test-method> <!-- setUp -->
        <test-method signature="verifyHomePageLoads()[pri:0, instance:tests.HomePageTest@7cc0cdad]" started-at="2026-02-21T20:11:23 IST" name="verifyHomePageLoads" finished-at="2026-02-21T20:11:23 IST" duration-ms="584" status="PASS">
          <reporter-output>
          </reporter-output>
        </test-method> <!-- verifyHomePageLoads -->
        <test-method is-config="true" signature="tearDown(org.testng.ITestResult)[pri:0, instance:tests.HomePageTest@7cc0cdad]" started-at="2026-02-21T20:11:23 IST" name="tearDown" finished-at="2026-02-21T20:11:23 IST" duration-ms="88" status="PASS">
          <params>
            <param index="0">
              <value>
                <![CDATA[[TestResult name=verifyHomePageLoads status=SUCCESS method=HomePageTest.verifyHomePageLoads()[pri:0, instance:tests.HomePageTest@7cc0cdad] output={null}]]]>
              </value>
            </param>
          </params>
          <reporter-output>
          </reporter-output>
        </test-method> <!-- tearDown -->
      </class> <!-- tests.HomePageTest -->
      <class name="tests.FlightBookingTest">
        <test-method is-config="true" signature="setUp()[pri:0, instance:tests.FlightBookingTest@43bc63a3]" started-at="2026-02-21T20:11:23 IST" name="setUp" finished-at="2026-02-21T20:11:25 IST" duration-ms="1873" status="PASS">
          <reporter-output>
          </reporter-output>
        </test-method> <!-- setUp -->
        <test-method signature="bookingWithBlankCreditCard()[pri:0, instance:tests.FlightBookingTest@43bc63a3]" started-at="2026-02-21T20:11:25 IST" name="bookingWithBlankCreditCard" finished-at="2026-02-21T20:11:27 IST" duration-ms="2192" status="PASS">
          <reporter-output>
          </reporter-output>
        </test-method> <!-- bookingWithBlankCreditCard -->
        <test-method is-config="true" signature="tearDown(org.testng.ITestResult)[pri:0, instance:tests.FlightBookingTest@43bc63a3]" started-at="2026-02-21T20:11:27 IST" name="tearDown" finished-at="2026-02-21T20:11:28 IST" duration-ms="85" status="PASS">
          <params>
            <param index="0">
              <value>
                <![CDATA[[TestResult name=bookingWithBlankCreditCard status=SUCCESS method=FlightBookingTest.bookingWithBlankCreditCard()[pri:0, instance:tests.FlightBookingTest@43bc63a3] output={null}]]]>
              </value>
            </param>
          </params>
          <reporter-output>
          </reporter-output>
        </test-method> <!-- tearDown -->
        <test-method is-config="true" signature="setUp()[pri:0, instance:tests.FlightBookingTest@43bc63a3]" started-at="2026-02-21T20:11:28 IST" name="setUp" finished-at="2026-02-21T20:11:29 IST" duration-ms="1521" status="PASS">
          <reporter-output>
          </reporter-output>
        </test-method> <!-- setUp -->
        <test-method signature="bookingWithInvalidCreditCardCharacters()[pri:0, instance:tests.FlightBookingTest@43bc63a3]" started-at="2026-02-21T20:11:29 IST" name="bookingWithInvalidCreditCardCharacters" finished-at="2026-02-21T20:11:31 IST" duration-ms="2077" status="PASS">
          <reporter-output>
          </reporter-output>
        </test-method> <!-- bookingWithInvalidCreditCardCharacters -->
        <test-method is-config="true" signature="tearDown(org.testng.ITestResult)[pri:0, instance:tests.FlightBookingTest@43bc63a3]" started-at="2026-02-21T20:11:31 IST" name="tearDown" finished-at="2026-02-21T20:11:31 IST" duration-ms="85" status="PASS">
          <params>
            <param index="0">
              <value>
                <![CDATA[[TestResult name=bookingWithInvalidCreditCardCharacters status=SUCCESS method=FlightBookingTest.bookingWithInvalidCreditCardCharacters()[pri:0, instance:tests.FlightBookingTest@43bc63a3] output={null}]]]>
              </value>
            </param>
          </params>
          <reporter-output>
          </reporter-output>
        </test-method> <!-- tearDown -->
        <test-method is-config="true" signature="setUp()[pri:0, instance:tests.FlightBookingTest@43bc63a3]" started-at="2026-02-21T20:11:31 IST" name="setUp" finished-at="2026-02-21T20:11:33 IST" duration-ms="1417" status="PASS">
          <reporter-output>
          </reporter-output>
        </test-method> <!-- setUp -->
        <test-method signature="completeFlightBooking(java.lang.String,java.lang.String,java.lang.String,java.lang.String,java.lang.String,java.lang.String)[pri:0, instance:tests.FlightBookingTest@43bc63a3]" started-at="2026-02-21T20:11:33 IST" name="completeFlightBooking" data-provider="bookingData" finished-at="2026-02-21T20:11:35 IST" duration-ms="2590" status="PASS">
          <params>
            <param index="0">
              <value>
                <![CDATA[Test User1]]>
              </value>
            </param>
            <param index="1">
              <value>
                <![CDATA[Street 1]]>
              </value>
            </param>
            <param index="2">
              <value>
                <![CDATA[Mumbai]]>
              </value>
            </param>
            <param index="3">
              <value>
                <![CDATA[MH]]>
              </value>
            </param>
            <param index="4">
              <value>
                <![CDATA[400001]]>
              </value>
            </param>
            <param index="5">
              <value>
                <![CDATA[4111111111111111]]>
              </value>
            </param>
          </params>
          <reporter-output>
          </reporter-output>
        </test-method> <!-- completeFlightBooking -->
        <test-method is-config="true" signature="tearDown(org.testng.ITestResult)[pri:0, instance:tests.FlightBookingTest@43bc63a3]" started-at="2026-02-21T20:11:35 IST" name="tearDown" finished-at="2026-02-21T20:11:35 IST" duration-ms="79" status="PASS">
          <params>
            <param index="0">
              <value>
                <![CDATA[[TestResult name=completeFlightBooking status=SUCCESS method=FlightBookingTest.completeFlightBooking(java.lang.String,java.lang.String,java.lang.String,java.lang.String,java.lang.String,java.lang.String)[pri:0, instance:tests.FlightBookingTest@43bc63a3] output={null}]]]>
              </value>
            </param>
          </params>
          <reporter-output>
          </reporter-output>
        </test-method> <!-- tearDown -->
        <test-method is-config="true" signature="setUp()[pri:0, instance:tests.FlightBookingTest@43bc63a3]" started-at="2026-02-21T20:11:35 IST" name="setUp" finished-at="2026-02-21T20:11:37 IST" duration-ms="1426" status="PASS">
          <reporter-output>
          </reporter-output>
        </test-method> <!-- setUp -->
        <test-method signature="completeFlightBooking(java.lang.String,java.lang.String,java.lang.String,java.lang.String,java.lang.String,java.lang.String)[pri:0, instance:tests.FlightBookingTest@43bc63a3]" started-at="2026-02-21T20:11:37 IST" name="completeFlightBooking" data-provider="bookingData" finished-at="2026-02-21T20:11:39 IST" duration-ms="2145" status="PASS">
          <params>
            <param index="0">
              <value>
                <![CDATA[Test User2]]>
              </value>
            </param>
            <param index="1">
              <value>
                <![CDATA[Street 2]]>
              </value>
            </param>
            <param index="2">
              <value>
                <![CDATA[Delhi]]>
              </value>
            </param>
            <param index="3">
              <value>
                <![CDATA[DL]]>
              </value>
            </param>
            <param index="4">
              <value>
                <![CDATA[110001]]>
              </value>
            </param>
            <param index="5">
              <value>
                <![CDATA[4222222222222]]>
              </value>
            </param>
          </params>
          <reporter-output>
          </reporter-output>
        </test-method> <!-- completeFlightBooking -->
        <test-method is-config="true" signature="tearDown(org.testng.ITestResult)[pri:0, instance:tests.FlightBookingTest@43bc63a3]" started-at="2026-02-21T20:11:39 IST" name="tearDown" finished-at="2026-02-21T20:11:39 IST" duration-ms="87" status="PASS">
          <params>
            <param index="0">
              <value>
                <![CDATA[[TestResult name=completeFlightBooking status=SUCCESS method=FlightBookingTest.completeFlightBooking(java.lang.String,java.lang.String,java.lang.String,java.lang.String,java.lang.String,java.lang.String)[pri:0, instance:tests.FlightBookingTest@43bc63a3] output={null}]]]>
              </value>
            </param>
          </params>
          <reporter-output>
          </reporter-output>
        </test-method> <!-- tearDown -->
        <test-method is-config="true" signature="setUp()[pri:0, instance:tests.FlightBookingTest@43bc63a3]" started-at="2026-02-21T20:11:39 IST" name="setUp" finished-at="2026-02-21T20:11:40 IST" duration-ms="1452" status="PASS">
          <reporter-output>
          </reporter-output>
        </test-method> <!-- setUp -->
        <test-method signature="completeFlightBooking(java.lang.String,java.lang.String,java.lang.String,java.lang.String,java.lang.String,java.lang.String)[pri:0, instance:tests.FlightBookingTest@43bc63a3]" started-at="2026-02-21T20:11:40 IST" name="completeFlightBooking" data-provider="bookingData" finished-at="2026-02-21T20:11:42 IST" duration-ms="1977" status="PASS">
          <params>
            <param index="0">
              <value>
                <![CDATA[Test User3]]>
              </value>
            </param>
            <param index="1">
              <value>
                <![CDATA[Street 3]]>
              </value>
            </param>
            <param index="2">
              <value>
                <![CDATA[Pune]]>
              </value>
            </param>
            <param index="3">
              <value>
                <![CDATA[MH]]>
              </value>
            </param>
            <param index="4">
              <value>
                <![CDATA[411001]]>
              </value>
            </param>
            <param index="5">
              <value>
                <![CDATA[4333333333333]]>
              </value>
            </param>
          </params>
          <reporter-output>
          </reporter-output>
        </test-method> <!-- completeFlightBooking -->
        <test-method is-config="true" signature="tearDown(org.testng.ITestResult)[pri:0, instance:tests.FlightBookingTest@43bc63a3]" started-at="2026-02-21T20:11:42 IST" name="tearDown" finished-at="2026-02-21T20:11:42 IST" duration-ms="82" status="PASS">
          <params>
            <param index="0">
              <value>
                <![CDATA[[TestResult name=completeFlightBooking status=SUCCESS method=FlightBookingTest.completeFlightBooking(java.lang.String,java.lang.String,java.lang.String,java.lang.String,java.lang.String,java.lang.String)[pri:0, instance:tests.FlightBookingTest@43bc63a3] output={null}]]]>
              </value>
            </param>
          </params>
          <reporter-output>
          </reporter-output>
        </test-method> <!-- tearDown -->
      </class> <!-- tests.FlightBookingTest -->
    </test> <!-- Default test -->
  </suite> <!-- Default suite -->
</testng-results>
