<?xml version="1.0" encoding="UTF-8"?>
<!-- Generated by org.testng.reporters.JUnitReportReporter -->
<testsuite hostname="GAUTAMs-MacBook-Air.local" failures="0" tests="5" name="tests.FlightBookingTest" time="19.088" errors="0" timestamp="2026-02-21T20:11:42 IST" skipped="0">
  <testcase classname="tests.FlightBookingTest" name="bookingWithBlankCreditCard" time="3.729"/>
  <testcase classname="tests.FlightBookingTest" name="completeFlightBooking" time="4.092"/>
  <testcase classname="tests.FlightBookingTest" name="bookingWithInvalidCreditCardCharacters" time="4.032"/>
  <testcase classname="tests.FlightBookingTest" name="completeFlightBooking" time="3.577"/>
  <testcase classname="tests.FlightBookingTest" name="completeFlightBooking" time="3.658"/>
</testsuite> <!-- tests.FlightBookingTest -->
