<?xml version="1.0" encoding="UTF-8"?>
<!-- Generated by org.testng.reporters.JUnitReportReporter -->
<testsuite hostname="GAUTAMs-MacBook-Air.local" failures="0" tests="5" name="tests.FlightBookingTest" time="20.461" errors="0" timestamp="2026-02-21T21:05:10 IST" skipped="0">
  <testcase classname="tests.FlightBookingTest" name="bookingWithBlankCreditCard" time="4.027"/>
  <testcase classname="tests.FlightBookingTest" name="completeFlightBooking" time="4.104"/>
  <testcase classname="tests.FlightBookingTest" name="completeFlightBooking" time="3.699"/>
  <testcase classname="tests.FlightBookingTest" name="completeFlightBooking" time="4.421"/>
  <testcase classname="tests.FlightBookingTest" name="bookingWithInvalidCreditCardCharacters" time="4.210"/>
</testsuite> <!-- tests.FlightBookingTest -->
